  VoicemailBox.cpp
  PhoneAdapter.cpp
c:\users\pbrem\onedrive\documents\visual studio 2015\projects\cis 376 voicemail system\cis 376 voicemail system\phoneadapter.cpp(35): warning C4267: 'return': conversion from 'size_t' to 'int', possible loss of data
c:\users\pbrem\onedrive\documents\visual studio 2015\projects\cis 376 voicemail system\cis 376 voicemail system\phoneadapter.cpp(55): warning C4267: 'return': conversion from 'size_t' to 'int', possible loss of data
  main.cpp
c:\users\pbrem\onedrive\documents\visual studio 2015\projects\cis 376 voicemail system\cis 376 voicemail system\main.cpp(59): warning C4996: 'getenv': This function or variable may be unsafe. Consider using _dupenv_s instead. To disable deprecation, use _CRT_SECURE_NO_WARNINGS. See online help for details.
  c:\program files (x86)\windows kits\10\include\10.0.10240.0\ucrt\stdlib.h(1183): note: see declaration of 'getenv'
c:\users\pbrem\onedrive\documents\visual studio 2015\projects\cis 376 voicemail system\cis 376 voicemail system\main.cpp(65): warning C4996: 'getenv': This function or variable may be unsafe. Consider using _dupenv_s instead. To disable deprecation, use _CRT_SECURE_NO_WARNINGS. See online help for details.
  c:\program files (x86)\windows kits\10\include\10.0.10240.0\ucrt\stdlib.h(1183): note: see declaration of 'getenv'
  Generating Code...
c:\users\pbrem\onedrive\documents\visual studio 2015\projects\cis 376 voicemail system\cis 376 voicemail system\voicemailbox.cpp(33): warning C4172: returning address of local variable or temporary: retVal
main.obj : error LNK2019: unresolved external symbol "class boost::system::error_category const & __cdecl boost::system::system_category(void)" (?system_category@system@boost@@YAAEBVerror_category@12@XZ) referenced in function "void __cdecl boost::system::`dynamic initializer for 'native_ecat''(void)" (??__Enative_ecat@system@boost@@YAXXZ)
VoicemailBox.obj : error LNK2001: unresolved external symbol "class boost::system::error_category const & __cdecl boost::system::system_category(void)" (?system_category@system@boost@@YAAEBVerror_category@12@XZ)
main.obj : error LNK2019: unresolved external symbol "class boost::system::error_category const & __cdecl boost::system::generic_category(void)" (?generic_category@system@boost@@YAAEBVerror_category@12@XZ) referenced in function "void __cdecl boost::system::`dynamic initializer for 'errno_ecat''(void)" (??__Eerrno_ecat@system@boost@@YAXXZ)
VoicemailBox.obj : error LNK2001: unresolved external symbol "class boost::system::error_category const & __cdecl boost::system::generic_category(void)" (?generic_category@system@boost@@YAAEBVerror_category@12@XZ)
VoicemailBox.obj : error LNK2019: unresolved external symbol "void __cdecl boost::filesystem::path_traits::convert(char const *,char const *,class std::basic_string<wchar_t,struct std::char_traits<wchar_t>,class std::allocator<wchar_t> > &,class std::codecvt<wchar_t,char,struct _Mbstatet> const &)" (?convert@path_traits@filesystem@boost@@YAXPEBD0AEAV?$basic_string@_WU?$char_traits@_W@std@@V?$allocator@_W@2@@std@@AEBV?$codecvt@_WDU_Mbstatet@@@5@@Z) referenced in function "void __cdecl boost::filesystem::path_traits::convert(char const *,char const *,class std::basic_string<wchar_t,struct std::char_traits<wchar_t>,class std::allocator<wchar_t> > &)" (?convert@path_traits@filesystem@boost@@YAXPEBD0AEAV?$basic_string@_WU?$char_traits@_W@std@@V?$allocator@_W@2@@std@@@Z)
VoicemailBox.obj : error LNK2019: unresolved external symbol "public: static class std::codecvt<wchar_t,char,struct _Mbstatet> const & __cdecl boost::filesystem::path::codecvt(void)" (?codecvt@path@filesystem@boost@@SAAEBV?$codecvt@_WDU_Mbstatet@@@std@@XZ) referenced in function "void __cdecl boost::filesystem::path_traits::convert(char const *,char const *,class std::basic_string<wchar_t,struct std::char_traits<wchar_t>,class std::allocator<wchar_t> > &)" (?convert@path_traits@filesystem@boost@@YAXPEBD0AEAV?$basic_string@_WU?$char_traits@_W@std@@V?$allocator@_W@2@@std@@@Z)
VoicemailBox.obj : error LNK2019: unresolved external symbol "class boost::filesystem::file_status __cdecl boost::filesystem::detail::status(class boost::filesystem::path const &,class boost::system::error_code *)" (?status@detail@filesystem@boost@@YA?AVfile_status@23@AEBVpath@23@PEAVerror_code@system@3@@Z) referenced in function "bool __cdecl boost::filesystem::is_directory(class boost::filesystem::path const &)" (?is_directory@filesystem@boost@@YA_NAEBVpath@12@@Z)
C:\local\boost_1_61_0\stage\lib\libboost_filesystem-vc140-mt-gd-1_61.lib : warning LNK4272: library machine type 'X86' conflicts with target machine type 'x64'
C:\local\boost_1_61_0\stage\lib\libboost_system-vc140-mt-gd-1_61.lib : warning LNK4272: library machine type 'X86' conflicts with target machine type 'x64'
C:\Users\pbrem\onedrive\documents\visual studio 2015\Projects\CIS 376 Voicemail System\x64\Debug\CIS 376 Voicemail System.exe : fatal error LNK1120: 5 unresolved externals
